INFO  - 2014-02-27 18:58:29.178; dk.defxws.fedoragsearch.server.UpdateListener; Initializing the Update Listener
INFO  - 2014-02-27 18:58:29.187; dk.defxws.fedoragsearch.server.Config; getFgsConfigProps /fgsconfigFinal/fedoragsearch.properties not found in classpath
INFO  - 2014-02-27 18:58:29.188; dk.defxws.fedoragsearch.server.Config; getFgsConfigProps /fgsconfigFinal/fedoragsearch.properties:
dk.defxws.fedoragsearch.server.errors.ConfigException: Thu Feb 27 18:58:29 CET 2014 *** getFgsConfigProps /fgsconfigFinal/fedoragsearch.properties not found in classpath
ERROR - 2014-02-27 18:58:29.189; dk.defxws.fedoragsearch.server.UpdateListener; Config Exception encountered attempting to retrieve updater properties: 
dk.defxws.fedoragsearch.server.errors.ConfigException: Thu Feb 27 18:58:29 CET 2014 *** getFgsConfigProps /fgsconfigFinal/fedoragsearch.properties:
dk.defxws.fedoragsearch.server.errors.ConfigException: Thu Feb 27 18:58:29 CET 2014 *** getFgsConfigProps /fgsconfigFinal/fedoragsearch.properties not found in classpath
	at dk.defxws.fedoragsearch.server.Config.getFgsConfigProps(Config.java:1344)
	at dk.defxws.fedoragsearch.server.Config.<init>(Config.java:217)
	at dk.defxws.fedoragsearch.server.Config.getCurrentConfig(Config.java:194)
	at dk.defxws.fedoragsearch.server.UpdateListener.init(UpdateListener.java:70)
	at javax.servlet.GenericServlet.init(GenericServlet.java:212)
	at org.apache.catalina.core.StandardWrapper.loadServlet(StandardWrapper.java:1173)
	at org.apache.catalina.core.StandardWrapper.load(StandardWrapper.java:993)
	at org.apache.catalina.core.StandardContext.loadOnStartup(StandardContext.java:4149)
	at org.apache.catalina.core.StandardContext.start(StandardContext.java:4458)
	at org.apache.catalina.core.ContainerBase.addChildInternal(ContainerBase.java:791)
	at org.apache.catalina.core.ContainerBase.addChild(ContainerBase.java:771)
	at org.apache.catalina.core.StandardHost.addChild(StandardHost.java:526)
	at org.apache.catalina.startup.HostConfig.deployWAR(HostConfig.java:850)
	at org.apache.catalina.startup.HostConfig.deployWARs(HostConfig.java:724)
	at org.apache.catalina.startup.HostConfig.deployApps(HostConfig.java:493)
	at org.apache.catalina.startup.HostConfig.check(HostConfig.java:1274)
	at org.apache.catalina.startup.HostConfig.lifecycleEvent(HostConfig.java:296)
	at org.apache.catalina.util.LifecycleSupport.fireLifecycleEvent(LifecycleSupport.java:119)
	at org.apache.catalina.core.ContainerBase.backgroundProcess(ContainerBase.java:1337)
	at org.apache.catalina.core.ContainerBase$ContainerBackgroundProcessor.processChildren(ContainerBase.java:1601)
	at org.apache.catalina.core.ContainerBase$ContainerBackgroundProcessor.processChildren(ContainerBase.java:1610)
	at org.apache.catalina.core.ContainerBase$ContainerBackgroundProcessor.run(ContainerBase.java:1590)
	at java.lang.Thread.run(Thread.java:679)
WARN  - 2014-02-27 18:58:29.190; dk.defxws.fedoragsearch.server.UpdateListener; Updater properties were not loaded so no update listeners were created. Update messages will not be received or processed.
